# JRE version: OpenJDK Runtime Environment Temurin-17.0.11+9 (17.0.11+9) (build 17.0.11+9)
# Java VM: OpenJDK 64-Bit Server VM Temurin-17.0.11+9 (17.0.11+9, mixed mode, sharing, tiered, compressed oops, compressed class ptrs, g1 gc, windows-amd64)
GC Precious Log:
 CPUs: 6 total, 6 available
 Memory: 16298M
 Large Page Support: Disabled
 NUMA Support: Disabled
 Compressed Oops: Enabled (32-bit)
 Heap Region Size: 1M
 Heap Min Capacity: 8M
 Heap Initial Capacity: 256M
 Heap Max Capacity: 2G
 Pre-touch: Disabled
 Parallel Workers: 6
 Concurrent Workers: 2
 Concurrent Refinement Workers: 6
 Periodic GC: Disabled
Heap:
 garbage-first heap   total 107520K, used 66853K [0x0000000080000000, 0x0000000100000000)
  region size 1024K, 20 young (20480K), 4 survivors (4096K)
 Metaspace       used 64451K, committed 65088K, reserved 1114112K
  class space    used 9059K, committed 9344K, reserved 1048576K
GC Heap History (20 events):
Event: 7.412 GC heap before
{Heap before GC invocations=9 (full 0):
 garbage-first heap   total 89088K, used 68393K [0x0000000080000000, 0x0000000100000000)
  region size 1024K, 33 young (33792K), 2 survivors (2048K)
 Metaspace       used 39741K, committed 40128K, reserved 1114112K
  class space    used 5529K, committed 5696K, reserved 1048576K
}
Event: 7.415 GC heap after
{Heap after GC invocations=10 (full 0):
 garbage-first heap   total 89088K, used 36620K [0x0000000080000000, 0x0000000100000000)
  region size 1024K, 3 young (3072K), 3 survivors (3072K)
 Metaspace       used 39741K, committed 40128K, reserved 1114112K
  class space    used 5529K, committed 5696K, reserved 1048576K
}
Event: 7.781 GC heap before
{Heap before GC invocations=10 (full 0):
 garbage-first heap   total 89088K, used 69388K [0x0000000080000000, 0x0000000100000000)
  region size 1024K, 35 young (35840K), 3 survivors (3072K)
 Metaspace       used 43223K, committed 43648K, reserved 1114112K
  class space    used 6088K, committed 6272K, reserved 1048576K
}
Event: 7.784 GC heap after
{Heap after GC invocations=11 (full 0):
 garbage-first heap   total 89088K, used 37721K [0x0000000080000000, 0x0000000100000000)
  region size 1024K, 4 young (4096K), 4 survivors (4096K)
 Metaspace       used 43223K, committed 43648K, reserved 1114112K
  class space    used 6088K, committed 6272K, reserved 1048576K
}
Event: 8.173 GC heap before
{Heap before GC invocations=11 (full 0):
 garbage-first heap   total 89088K, used 70489K [0x0000000080000000, 0x0000000100000000)
  region size 1024K, 36 young (36864K), 4 survivors (4096K)
 Metaspace       used 44643K, committed 45120K, reserved 1114112K
  class space    used 6267K, committed 6464K, reserved 1048576K
}
Event: 8.177 GC heap after
{Heap after GC invocations=12 (full 0):
 garbage-first heap   total 89088K, used 41503K [0x0000000080000000, 0x0000000100000000)
  region size 1024K, 5 young (5120K), 5 survivors (5120K)
 Metaspace       used 44643K, committed 45120K, reserved 1114112K
  class space    used 6267K, committed 6464K, reserved 1048576K
}
Event: 8.540 GC heap before
{Heap before GC invocations=12 (full 0):
 garbage-first heap   total 89088K, used 69151K [0x0000000080000000, 0x0000000100000000)
  region size 1024K, 33 young (33792K), 5 survivors (5120K)
 Metaspace       used 47582K, committed 48064K, reserved 1114112K
  class space    used 6682K, committed 6912K, reserved 1048576K
}
Event: 8.545 GC heap after
{Heap after GC invocations=13 (full 0):
 garbage-first heap   total 89088K, used 43636K [0x0000000080000000, 0x0000000100000000)
  region size 1024K, 2 young (2048K), 2 survivors (2048K)
 Metaspace       used 47582K, committed 48064K, reserved 1114112K
  class space    used 6682K, committed 6912K, reserved 1048576K
}
Event: 8.850 GC heap before
{Heap before GC invocations=13 (full 0):
 garbage-first heap   total 89088K, used 71284K [0x0000000080000000, 0x0000000100000000)
  region size 1024K, 29 young (29696K), 2 survivors (2048K)
 Metaspace       used 49918K, committed 50432K, reserved 1114112K
  class space    used 7034K, committed 7296K, reserved 1048576K
}
Event: 8.853 GC heap after
{Heap after GC invocations=14 (full 0):
 garbage-first heap   total 107520K, used 44045K [0x0000000080000000, 0x0000000100000000)
  region size 1024K, 3 young (3072K), 3 survivors (3072K)
 Metaspace       used 49918K, committed 50432K, reserved 1114112K
  class space    used 7034K, committed 7296K, reserved 1048576K
}
Event: 9.780 GC heap before
{Heap before GC invocations=15 (full 0):
 garbage-first heap   total 107520K, used 86029K [0x0000000080000000, 0x0000000100000000)
  region size 1024K, 44 young (45056K), 3 survivors (3072K)
 Metaspace       used 52556K, committed 53056K, reserved 1114112K
  class space    used 7512K, committed 7744K, reserved 1048576K
}
Event: 9.783 GC heap after
{Heap after GC invocations=16 (full 0):
 garbage-first heap   total 107520K, used 46658K [0x0000000080000000, 0x0000000100000000)
  region size 1024K, 5 young (5120K), 5 survivors (5120K)
 Metaspace       used 52556K, committed 53056K, reserved 1114112K
  class space    used 7512K, committed 7744K, reserved 1048576K
}
Event: 9.790 GC heap before
{Heap before GC invocations=16 (full 0):
 garbage-first heap   total 107520K, used 47682K [0x0000000080000000, 0x0000000100000000)
  region size 1024K, 6 young (6144K), 5 survivors (5120K)
 Metaspace       used 52560K, committed 53056K, reserved 1114112K
  class space    used 7512K, committed 7744K, reserved 1048576K
}
Event: 9.793 GC heap after
{Heap after GC invocations=17 (full 0):
 garbage-first heap   total 107520K, used 46333K [0x0000000080000000, 0x0000000100000000)
  region size 1024K, 1 young (1024K), 1 survivors (1024K)
 Metaspace       used 52560K, committed 53056K, reserved 1114112K
  class space    used 7512K, committed 7744K, reserved 1048576K
}
Event: 10.638 GC heap before
{Heap before GC invocations=17 (full 0):
 garbage-first heap   total 107520K, used 86269K [0x0000000080000000, 0x0000000100000000)
  region size 1024K, 40 young (40960K), 1 survivors (1024K)
 Metaspace       used 57434K, committed 57984K, reserved 1114112K
  class space    used 8066K, committed 8320K, reserved 1048576K
}
Event: 10.644 GC heap after
{Heap after GC invocations=18 (full 0):
 garbage-first heap   total 107520K, used 50046K [0x0000000080000000, 0x0000000100000000)
  region size 1024K, 5 young (5120K), 5 survivors (5120K)
 Metaspace       used 57434K, committed 57984K, reserved 1114112K
  class space    used 8066K, committed 8320K, reserved 1048576K
}
Event: 12.063 GC heap before
{Heap before GC invocations=18 (full 0):
 garbage-first heap   total 107520K, used 76670K [0x0000000080000000, 0x0000000100000000)
  region size 1024K, 32 young (32768K), 5 survivors (5120K)
 Metaspace       used 59064K, committed 59712K, reserved 1114112K
  class space    used 8280K, committed 8576K, reserved 1048576K
}
Event: 12.100 GC heap after
{Heap after GC invocations=19 (full 1):
 garbage-first heap   total 107520K, used 49096K [0x0000000080000000, 0x0000000100000000)
  region size 1024K, 0 young (0K), 0 survivors (0K)
 Metaspace       used 59064K, committed 59712K, reserved 1114112K
  class space    used 8280K, committed 8576K, reserved 1048576K
}
Event: 13.189 GC heap before
{Heap before GC invocations=19 (full 1):
 garbage-first heap   total 107520K, used 84936K [0x0000000080000000, 0x0000000100000000)
  region size 1024K, 36 young (36864K), 0 survivors (0K)
 Metaspace       used 63337K, committed 64064K, reserved 1114112K
  class space    used 8893K, committed 9216K, reserved 1048576K
}
Event: 13.194 GC heap after
{Heap after GC invocations=20 (full 1):
 garbage-first heap   total 107520K, used 52517K [0x0000000080000000, 0x0000000100000000)
  region size 1024K, 4 young (4096K), 4 survivors (4096K)
 Metaspace       used 63337K, committed 64064K, reserved 1114112K
  class space    used 8893K, committed 9216K, reserved 1048576K
}

